<?xml version="1.0" encoding="UTF-8"?>
<testsuite xmlns:xsi="http://www.w3.org/2001/XMLSchema-instance" xsi:noNamespaceSchemaLocation="https://maven.apache.org/surefire/maven-surefire-plugin/xsd/surefire-test-report-3.0.xsd" version="3.0" name="co.unicauca.parkinglot.domain.ParkingTest" time="2.373" tests="4" errors="0" skipped="0" failures="0">
  <properties>
[...]
</properties>
  <testcase name="CarTest" classname="co.unicauca.parkinglot.domain.ParkingTest" time="2.03">
    <system-out><![CDATA[Carro 2 horas y 10 minutos
Carro menos una hora
Carro 1 horas y 30 minutos
]]></system-out>
  </testcase>
  <testcase name="TruckTest" classname="co.unicauca.parkinglot.domain.ParkingTest" time="0.015">
    <system-out><![CDATA[Camion menos de 12 horas
Camión mas de 12 horas
Camión 3 dias y una hora
]]></system-out>
  </testcase>
  <testcase name="PersistenceTest" classname="co.unicauca.parkinglot.domain.ParkingTest" time="0.094">
    <system-out><![CDATA[Guardar y listar
]]></system-out>
  </testcase>
  <testcase name="MotosTest" classname="co.unicauca.parkinglot.domain.ParkingTest" time="0.031">
    <system-out><![CDATA[Moto hora y media
Moto menos una hora
Moto 3 horas y 45 minutos
]]></system-out>
  </testcase>
</testsuite>